<?xml version="1.0" encoding="UTF-8"?>
<!-- Generated by org.testng.reporters.JUnitReportReporter -->
<testsuite skipped="0" hostname="VIGYAN-L-PC2" name="TestNG.TestDemo" tests="2" failures="0" timestamp="2020-02-28T15:42:23 IST" time="0.015" errors="0">
  <testcase name="testdemo" time="0.015" classname="TestNG.TestDemo"/>
  <testcase name="testdemo1" time="0.000" classname="TestNG.TestDemo"/>
</testsuite> <!-- TestNG.TestDemo -->
